<?xml version="1.0" encoding="UTF-8"?>
<!-- Generated by org.testng.reporters.JUnitXMLReporter -->
<testsuite ignored="0" hostname="Naims-MacBook-Air.local" failures="0" tests="3" name="Regression Test" time="27.512" errors="0" timestamp="2022-06-07T13:07:22 CDT">
  <testcase classname="scripts._01_CarsTest" name="testSignInPageForm" time="6.912"/>
  <testcase classname="scripts._01_CarsTest" name="testMediaSection" time="6.98"/>
  <testcase classname="scripts._01_CarsTest" name="testInvalidCredentials" time="7.069"/>
</testsuite> <!-- Regression Test -->
