<?xml version="1.0" encoding="UTF-8"?>
<testng-results ignored="0" total="3" passed="3" failed="0" skipped="0">
  <reporter-output>
  </reporter-output>
  <suite started-at="2022-06-07T13:06:55 CDT" name="Regression" finished-at="2022-06-07T13:07:22 CDT" duration-ms="27512">
    <groups>
    </groups>
    <test started-at="2022-06-07T13:06:55 CDT" name="Regression Test" finished-at="2022-06-07T13:07:22 CDT" duration-ms="27512">
      <class name="scripts._01_CarsTest">
        <test-method is-config="true" signature="setup()[pri:0, instance:scripts._01_CarsTest@24a35978]" started-at="2022-06-07T13:06:55 CDT" name="setup" finished-at="2022-06-07T13:06:58 CDT" duration-ms="3018" status="PASS">
          <reporter-output>
          </reporter-output>
        </test-method> <!-- setup -->
        <test-method signature="testSignInPageForm()[pri:1, instance:scripts._01_CarsTest@24a35978]" started-at="2022-06-07T13:06:58 CDT" name="testSignInPageForm" description="TASK-1 - Sign in Page Form" finished-at="2022-06-07T13:07:05 CDT" duration-ms="6912" status="PASS">
          <reporter-output>
          </reporter-output>
        </test-method> <!-- testSignInPageForm -->
        <test-method is-config="true" signature="teardown()[pri:0, instance:scripts._01_CarsTest@24a35978]" started-at="2022-06-07T13:07:05 CDT" name="teardown" finished-at="2022-06-07T13:07:05 CDT" duration-ms="169" status="PASS">
          <reporter-output>
          </reporter-output>
        </test-method> <!-- teardown -->
        <test-method is-config="true" signature="setup()[pri:0, instance:scripts._01_CarsTest@24a35978]" started-at="2022-06-07T13:07:05 CDT" name="setup" finished-at="2022-06-07T13:07:06 CDT" duration-ms="1222" status="PASS">
          <reporter-output>
          </reporter-output>
        </test-method> <!-- setup -->
        <test-method signature="testMediaSection()[pri:2, instance:scripts._01_CarsTest@24a35978]" started-at="2022-06-07T13:07:06 CDT" name="testMediaSection" description="TASK-2 - Social Media Section" finished-at="2022-06-07T13:07:13 CDT" duration-ms="6980" status="PASS">
          <reporter-output>
          </reporter-output>
        </test-method> <!-- testMediaSection -->
        <test-method is-config="true" signature="teardown()[pri:0, instance:scripts._01_CarsTest@24a35978]" started-at="2022-06-07T13:07:13 CDT" name="teardown" finished-at="2022-06-07T13:07:13 CDT" duration-ms="183" status="PASS">
          <reporter-output>
          </reporter-output>
        </test-method> <!-- teardown -->
        <test-method is-config="true" signature="setup()[pri:0, instance:scripts._01_CarsTest@24a35978]" started-at="2022-06-07T13:07:13 CDT" name="setup" finished-at="2022-06-07T13:07:14 CDT" duration-ms="1243" status="PASS">
          <reporter-output>
          </reporter-output>
        </test-method> <!-- setup -->
        <test-method signature="testInvalidCredentials()[pri:3, instance:scripts._01_CarsTest@24a35978]" started-at="2022-06-07T13:07:14 CDT" name="testInvalidCredentials" description="TASK-3 - Invalid Credentials" finished-at="2022-06-07T13:07:21 CDT" duration-ms="7069" status="PASS">
          <reporter-output>
          </reporter-output>
        </test-method> <!-- testInvalidCredentials -->
        <test-method is-config="true" signature="teardown()[pri:0, instance:scripts._01_CarsTest@24a35978]" started-at="2022-06-07T13:07:21 CDT" name="teardown" finished-at="2022-06-07T13:07:22 CDT" duration-ms="694" status="PASS">
          <reporter-output>
          </reporter-output>
        </test-method> <!-- teardown -->
      </class> <!-- scripts._01_CarsTest -->
    </test> <!-- Regression Test -->
  </suite> <!-- Regression -->
</testng-results>
